<?xml version="1.0" encoding="UTF-8"?>
<!-- Generated by org.testng.reporters.JUnitReportReporter -->
<testsuite hostname="Mithlesh" name="api.tests.UserTests" tests="2" failures="0" timestamp="11 Sep 2023 05:40:28 GMT" time="3.589" errors="0">
  <testcase name="ReadUser" time="1.460" classname="api.tests.UserTests"/>
  <testcase name="createUser" time="2.129" classname="api.tests.UserTests"/>
</testsuite> <!-- api.tests.UserTests -->
