<?xml version="1.0" encoding="UTF-8"?>
<!-- Generated by org.testng.reporters.JUnitReportReporter -->
<testsuite hostname="Mithlesh" name="restassuredDemoExamples.CookiesAndHeaders" tests="1" failures="0" timestamp="11 Sep 2023 05:40:28 GMT" time="0.734" errors="0">
  <testcase name="getCookies" time="0.734" classname="restassuredDemoExamples.CookiesAndHeaders"/>
</testsuite> <!-- restassuredDemoExamples.CookiesAndHeaders -->
