<?xml version="1.0" encoding="UTF-8"?>
<!-- Generated by org.testng.reporters.JUnitReportReporter -->
<testsuite hostname="Mithlesh" name="restassuredDemoExamples.APIChaining" tests="1" failures="0" timestamp="11 Sep 2023 05:40:28 GMT" time="0.000" errors="0">
  <testcase name="getAttributevalueAndUseacross" time="0.000" classname="restassuredDemoExamples.APIChaining"/>
</testsuite> <!-- restassuredDemoExamples.APIChaining -->
