<?xml version="1.0" encoding="UTF-8"?>
<!-- Generated by org.testng.reporters.JUnitReportReporter -->
<testsuite hostname="Mithlesh" name="restassured.Authentication" tests="1" failures="0" timestamp="9 Sep 2023 13:06:01 GMT" time="3.949" errors="0">
  <testcase name="BasicAuthentication" time="3.949" classname="restassured.Authentication"/>
</testsuite> <!-- restassured.Authentication -->
