<?xml version="1.0" encoding="UTF-8"?>
<!-- Generated by org.testng.reporters.JUnitReportReporter -->
<testsuite hostname="Mithlesh" name="restassured.CookiesAndHeaders" tests="1" failures="0" timestamp="9 Sep 2023 07:15:28 GMT" time="1.680" errors="0">
  <testcase name="getCookies" time="1.680" classname="restassured.CookiesAndHeaders"/>
</testsuite> <!-- restassured.CookiesAndHeaders -->
